<?xml version="1.0" encoding="UTF-8"?>
<!-- Generated by org.testng.reporters.JUnitReportReporter -->
<testsuite hostname="DESKTOP-6U8L93G" failures="0" tests="1" name="tests.RunHomePage" time="10.746" errors="0" timestamp="2023-01-26T21:46:49 BDT" skipped="0">
  <testcase classname="tests.RunHomePage" name="testHoverElement" time="10.746"/>
  <system-out/>
</testsuite> <!-- tests.RunHomePage -->
