<?xml version="1.0" encoding="UTF-8"?>
<!-- Generated by org.testng.reporters.JUnitReportReporter -->
<testsuite hostname="DESKTOP-6U8L93G" failures="0" tests="1" name="tests.AccountCreate" time="30.689" errors="0" timestamp="2023-01-22T18:35:36 BDT" skipped="0">
  <testcase classname="tests.AccountCreate" name="createAccount" time="30.689"/>
  <system-out/>
</testsuite> <!-- tests.AccountCreate -->
