<?xml version="1.0" encoding="UTF-8"?>
<!-- Generated by org.testng.reporters.JUnitReportReporter -->
<testsuite hostname="DESKTOP-6U8L93G" failures="0" tests="1" name="testScripts.RunTests" time="57.580" errors="0" timestamp="2023-01-23T21:40:19 BDT" skipped="0">
  <testcase classname="testScripts.RunTests" name="mainBody" time="57.580"/>
  <system-out/>
</testsuite> <!-- testScripts.RunTests -->
