<?xml version="1.0" encoding="UTF-8"?>
<!-- Generated by org.testng.reporters.JUnitReportReporter -->
<testsuite hostname="DESKTOP-6U8L93G" failures="0" tests="1" name="testScripts.RunTests" time="304.334" errors="0" timestamp="2023-01-21T23:03:01 BDT" skipped="0">
  <testcase classname="testScripts.RunTests" name="navigationBar" time="304.334"/>
  <system-out/>
</testsuite> <!-- testScripts.RunTests -->
