<?xml version="1.0" encoding="UTF-8"?>
<!-- Generated by org.testng.reporters.JUnitReportReporter -->
<testsuite hostname="DESKTOP-6U8L93G" failures="0" tests="1" name="testScripts.RunHomePage" time="41.863" errors="0" timestamp="2023-02-24T21:42:17 BDT" skipped="0">
  <testcase classname="testScripts.RunHomePage" name="navigationBar" time="41.863"/>
  <system-out/>
</testsuite> <!-- testScripts.RunHomePage -->
